[debug] [2020-07-14T07:06:39.550Z] ----------------------------------------------------------------------
[debug] [2020-07-14T07:06:39.554Z] Command:       /usr/local/bin/node /usr/local/bin/firebase deploy
[debug] [2020-07-14T07:06:39.555Z] CLI Version:   8.4.0
[debug] [2020-07-14T07:06:39.555Z] Platform:      darwin
[debug] [2020-07-14T07:06:39.555Z] Node Version:  v12.13.1
[debug] [2020-07-14T07:06:39.556Z] Time:          Tue Jul 14 2020 09:06:39 GMT+0200 (Central European Summer Time)
[debug] [2020-07-14T07:06:39.556Z] ----------------------------------------------------------------------
[debug] [2020-07-14T07:06:39.557Z] 
[debug] [2020-07-14T07:06:39.568Z] > command requires scopes: ["email","openid","https://www.googleapis.com/auth/cloudplatformprojects.readonly","https://www.googleapis.com/auth/firebase","https://www.googleapis.com/auth/cloud-platform"]
[debug] [2020-07-14T07:06:39.568Z] > authorizing via signed-in user
[debug] [2020-07-14T07:06:39.569Z] [iam] checking project tech-career-hub-final for permissions ["cloudfunctions.functions.create","cloudfunctions.functions.delete","cloudfunctions.functions.get","cloudfunctions.functions.list","cloudfunctions.functions.update","cloudfunctions.operations.get","datastore.indexes.create","datastore.indexes.delete","datastore.indexes.list","datastore.indexes.update","firebase.projects.get","firebasehosting.sites.update"]
[debug] [2020-07-14T07:06:39.572Z] > refreshing access token with scopes: ["email","https://www.googleapis.com/auth/cloud-platform","https://www.googleapis.com/auth/cloudplatformprojects.readonly","https://www.googleapis.com/auth/firebase","openid"]
[debug] [2020-07-14T07:06:39.572Z] >>> HTTP REQUEST POST https://www.googleapis.com/oauth2/v3/token  
 <request body omitted>
[debug] [2020-07-14T07:06:39.820Z] <<< HTTP RESPONSE 200 {"content-type":"application/json; charset=utf-8","vary":"X-Origin, Referer, Origin,Accept-Encoding","date":"Tue, 14 Jul 2020 07:06:39 GMT","server":"scaffolding on HTTPServer2","cache-control":"private","x-xss-protection":"0","x-frame-options":"SAMEORIGIN","x-content-type-options":"nosniff","alt-svc":"h3-29=\":443\"; ma=2592000,h3-27=\":443\"; ma=2592000,h3-25=\":443\"; ma=2592000,h3-T050=\":443\"; ma=2592000,h3-Q050=\":443\"; ma=2592000,h3-Q046=\":443\"; ma=2592000,h3-Q043=\":443\"; ma=2592000,quic=\":443\"; ma=2592000; v=\"46,43\"","accept-ranges":"none","transfer-encoding":"chunked"}
[debug] [2020-07-14T07:06:39.848Z] >>> HTTP REQUEST POST https://cloudresourcemanager.googleapis.com/v1/projects/tech-career-hub-final:testIamPermissions  
 {"permissions":["cloudfunctions.functions.create","cloudfunctions.functions.delete","cloudfunctions.functions.get","cloudfunctions.functions.list","cloudfunctions.functions.update","cloudfunctions.operations.get","datastore.indexes.create","datastore.indexes.delete","datastore.indexes.list","datastore.indexes.update","firebase.projects.get","firebasehosting.sites.update"]}
[debug] [2020-07-14T07:06:40.660Z] <<< HTTP RESPONSE 200 {"content-type":"application/json; charset=UTF-8","vary":"X-Origin, Referer, Origin,Accept-Encoding","date":"Tue, 14 Jul 2020 07:06:40 GMT","server":"ESF","cache-control":"private","x-xss-protection":"0","x-frame-options":"SAMEORIGIN","x-content-type-options":"nosniff","server-timing":"gfet4t7; dur=641","alt-svc":"h3-29=\":443\"; ma=2592000,h3-27=\":443\"; ma=2592000,h3-25=\":443\"; ma=2592000,h3-T050=\":443\"; ma=2592000,h3-Q050=\":443\"; ma=2592000,h3-Q046=\":443\"; ma=2592000,h3-Q043=\":443\"; ma=2592000,quic=\":443\"; ma=2592000; v=\"46,43\"","accept-ranges":"none","transfer-encoding":"chunked"}
[debug] [2020-07-14T07:06:40.661Z] >>> HTTP REQUEST POST https://iam.googleapis.com/v1/projects/tech-career-hub-final/serviceAccounts/tech-career-hub-final@appspot.gserviceaccount.com:testIamPermissions  
 {"permissions":["iam.serviceAccounts.actAs"]}
[debug] [2020-07-14T07:06:41.570Z] <<< HTTP RESPONSE 200 {"content-type":"application/json; charset=UTF-8","vary":"X-Origin, Referer, Origin,Accept-Encoding","date":"Tue, 14 Jul 2020 07:06:41 GMT","server":"ESF","cache-control":"private","x-xss-protection":"0","x-frame-options":"SAMEORIGIN","x-content-type-options":"nosniff","alt-svc":"h3-29=\":443\"; ma=2592000,h3-27=\":443\"; ma=2592000,h3-25=\":443\"; ma=2592000,h3-T050=\":443\"; ma=2592000,h3-Q050=\":443\"; ma=2592000,h3-Q046=\":443\"; ma=2592000,h3-Q043=\":443\"; ma=2592000,quic=\":443\"; ma=2592000; v=\"46,43\"","accept-ranges":"none","transfer-encoding":"chunked"}
[debug] [2020-07-14T07:06:41.572Z] >>> HTTP REQUEST GET https://firebase.googleapis.com/v1beta1/projects/tech-career-hub-final  
 
[debug] [2020-07-14T07:06:41.940Z] <<< HTTP RESPONSE 200 {"content-type":"application/json; charset=UTF-8","vary":"X-Origin, Referer, Origin,Accept-Encoding","date":"Tue, 14 Jul 2020 07:06:41 GMT","server":"ESF","cache-control":"private","x-xss-protection":"0","x-frame-options":"SAMEORIGIN","x-content-type-options":"nosniff","alt-svc":"h3-29=\":443\"; ma=2592000,h3-27=\":443\"; ma=2592000,h3-25=\":443\"; ma=2592000,h3-T050=\":443\"; ma=2592000,h3-Q050=\":443\"; ma=2592000,h3-Q046=\":443\"; ma=2592000,h3-Q043=\":443\"; ma=2592000,quic=\":443\"; ma=2592000; v=\"46,43\"","accept-ranges":"none","transfer-encoding":"chunked"}
[warn] ⚠  functions: package.json indicates an outdated version of firebase-functions.
Please upgrade using npm install --save firebase-functions@latest in your functions directory. 
[info] 
[info] === Deploying to 'tech-career-hub-final'...
[info] 
[info] i  deploying firestore, functions, hosting 
[info] i  firestore: reading indexes from firestore.indexes.json... 
[info] i  cloud.firestore: checking firestore.rules for compilation errors... 
[debug] [2020-07-14T07:06:44.267Z] >>> HTTP REQUEST POST https://firebaserules.googleapis.com/v1/projects/tech-career-hub-final:test  
 {"source":{"files":[{"name":"firestore.rules","content":"service cloud.firestore {\n  match /databases/{database}/documents {\n\t\tmatch /{document=**} {\n    \tallow read;\n      allow write: if request.auth.uid != null\n    }\n  }\n}"}]}}
[debug] [2020-07-14T07:06:45.116Z] <<< HTTP RESPONSE 200 {"content-type":"application/json; charset=UTF-8","vary":"X-Origin, Referer, Origin,Accept-Encoding","date":"Tue, 14 Jul 2020 07:06:44 GMT","server":"ESF","cache-control":"private","x-xss-protection":"0","x-frame-options":"SAMEORIGIN","x-content-type-options":"nosniff","alt-svc":"h3-29=\":443\"; ma=2592000,h3-27=\":443\"; ma=2592000,h3-25=\":443\"; ma=2592000,h3-T050=\":443\"; ma=2592000,h3-Q050=\":443\"; ma=2592000,h3-Q046=\":443\"; ma=2592000,h3-Q043=\":443\"; ma=2592000,quic=\":443\"; ma=2592000; v=\"46,43\"","accept-ranges":"none","transfer-encoding":"chunked"}
[warn] ⚠  [W] undefined:undefined - Ruleset uses old version (version [1]). Please update to the latest version (version [2]). 
[info] ✔  cloud.firestore: rules file firestore.rules compiled successfully 
[debug] [2020-07-14T07:06:45.118Z] > [functions] package.json contents: {
  "name": "functions",
  "description": "Cloud Functions for Firebase",
  "scripts": {
    "serve": "firebase emulators:start --only functions",
    "shell": "firebase functions:shell",
    "start": "npm run shell",
    "deploy": "firebase deploy --only functions",
    "logs": "firebase functions:log"
  },
  "engines": {
    "node": "8"
  },
  "dependencies": {
    "firebase-admin": "^8.10.0",
    "firebase-functions": "^3.6.1"
  },
  "devDependencies": {
    "firebase-functions-test": "^0.2.0"
  },
  "private": true
}
[info] i  functions: ensuring required API cloudfunctions.googleapis.com is enabled... 
[debug] [2020-07-14T07:06:46.355Z] [functions] runtime dependency check dates: warning: 2020-05-21T00:00:00.000Z error: 2020-07-09T00:00:00.000Z
[warn] 
[warn] ⚠  functions: The Node.js 8 runtime is deprecated and will be decommissioned on 2020-12-05. For more information, see: https://firebase.google.com/support/faq#functions-runtime 
[warn] 
[debug] [2020-07-14T07:06:46.358Z] >>> HTTP REQUEST GET https://serviceusage.googleapis.com/v1/projects/tech-career-hub-final/services/cloudfunctions.googleapis.com  
 
[debug] [2020-07-14T07:06:46.358Z] >>> HTTP REQUEST GET https://serviceusage.googleapis.com/v1/projects/tech-career-hub-final/services/runtimeconfig.googleapis.com  
 
[debug] [2020-07-14T07:06:47.377Z] <<< HTTP RESPONSE 200 {"content-type":"application/json; charset=UTF-8","vary":"X-Origin, Referer, Origin,Accept-Encoding","date":"Tue, 14 Jul 2020 07:06:47 GMT","server":"ESF","cache-control":"private","x-xss-protection":"0","x-frame-options":"SAMEORIGIN","x-content-type-options":"nosniff","alt-svc":"h3-29=\":443\"; ma=2592000,h3-27=\":443\"; ma=2592000,h3-25=\":443\"; ma=2592000,h3-T050=\":443\"; ma=2592000,h3-Q050=\":443\"; ma=2592000,h3-Q046=\":443\"; ma=2592000,h3-Q043=\":443\"; ma=2592000,quic=\":443\"; ma=2592000; v=\"46,43\"","accept-ranges":"none","transfer-encoding":"chunked"}
[debug] [2020-07-14T07:06:47.458Z] <<< HTTP RESPONSE 200 {"content-type":"application/json; charset=UTF-8","vary":"X-Origin, Referer, Origin,Accept-Encoding","date":"Tue, 14 Jul 2020 07:06:47 GMT","server":"ESF","cache-control":"private","x-xss-protection":"0","x-frame-options":"SAMEORIGIN","x-content-type-options":"nosniff","alt-svc":"h3-29=\":443\"; ma=2592000,h3-27=\":443\"; ma=2592000,h3-25=\":443\"; ma=2592000,h3-T050=\":443\"; ma=2592000,h3-Q050=\":443\"; ma=2592000,h3-Q046=\":443\"; ma=2592000,h3-Q043=\":443\"; ma=2592000,quic=\":443\"; ma=2592000; v=\"46,43\"","accept-ranges":"none","transfer-encoding":"chunked"}
[info] ✔  functions: required API cloudfunctions.googleapis.com is enabled 
[debug] [2020-07-14T07:06:47.459Z] >>> HTTP REQUEST GET https://firebase.googleapis.com/v1beta1/projects/tech-career-hub-final/adminSdkConfig  
 
[debug] [2020-07-14T07:06:47.744Z] <<< HTTP RESPONSE 200 {"content-type":"application/json; charset=UTF-8","vary":"X-Origin, Referer, Origin,Accept-Encoding","date":"Tue, 14 Jul 2020 07:06:47 GMT","server":"ESF","cache-control":"private","x-xss-protection":"0","x-frame-options":"SAMEORIGIN","x-content-type-options":"nosniff","alt-svc":"h3-29=\":443\"; ma=2592000,h3-27=\":443\"; ma=2592000,h3-25=\":443\"; ma=2592000,h3-T050=\":443\"; ma=2592000,h3-Q050=\":443\"; ma=2592000,h3-Q046=\":443\"; ma=2592000,h3-Q043=\":443\"; ma=2592000,quic=\":443\"; ma=2592000; v=\"46,43\"","accept-ranges":"none","transfer-encoding":"chunked"}
[debug] [2020-07-14T07:06:47.746Z] >>> HTTP REQUEST POST https://firebasehosting.googleapis.com/v1beta1/sites/tech-career-hub-final/versions  
 {"config":{"rewrites":[{"glob":"**","path":"/index.html"}]},"labels":{"deployment-tool":"cli-firebase"}}
[debug] [2020-07-14T07:06:49.478Z] <<< HTTP RESPONSE 200 {"content-type":"application/json; charset=UTF-8","vary":"X-Origin, Referer, Origin,Accept-Encoding","date":"Tue, 14 Jul 2020 07:06:49 GMT","server":"ESF","cache-control":"private","x-xss-protection":"0","x-frame-options":"SAMEORIGIN","x-content-type-options":"nosniff","alt-svc":"h3-29=\":443\"; ma=2592000,h3-27=\":443\"; ma=2592000,h3-25=\":443\"; ma=2592000,h3-T050=\":443\"; ma=2592000,h3-Q050=\":443\"; ma=2592000,h3-Q046=\":443\"; ma=2592000,h3-Q043=\":443\"; ma=2592000,quic=\":443\"; ma=2592000; v=\"46,43\"","accept-ranges":"none","transfer-encoding":"chunked"}
[debug] [2020-07-14T07:06:49.481Z] >>> HTTP REQUEST GET https://firebaserules.googleapis.com/v1/projects/tech-career-hub-final/releases?pageSize=10&pageToken=  
 
[debug] [2020-07-14T07:06:49.482Z] >>> HTTP REQUEST GET https://firestore.googleapis.com/v1beta2/projects/tech-career-hub-final/databases/(default)/collectionGroups/-/indexes  
 
[debug] [2020-07-14T07:06:49.792Z] <<< HTTP RESPONSE 200 {"content-type":"application/json; charset=UTF-8","vary":"X-Origin, Referer, Origin,Accept-Encoding","date":"Tue, 14 Jul 2020 07:06:49 GMT","server":"ESF","cache-control":"private","x-xss-protection":"0","x-frame-options":"SAMEORIGIN","x-content-type-options":"nosniff","alt-svc":"h3-29=\":443\"; ma=2592000,h3-27=\":443\"; ma=2592000,h3-25=\":443\"; ma=2592000,h3-T050=\":443\"; ma=2592000,h3-Q050=\":443\"; ma=2592000,h3-Q046=\":443\"; ma=2592000,h3-Q043=\":443\"; ma=2592000,quic=\":443\"; ma=2592000; v=\"46,43\"","accept-ranges":"none","transfer-encoding":"chunked"}
[debug] [2020-07-14T07:06:49.792Z] >>> HTTP REQUEST GET https://firestore.googleapis.com/v1beta2/projects/tech-career-hub-final/databases/(default)/collectionGroups/-/fields?filter=indexConfig.usesAncestorConfig=false  
 
[debug] [2020-07-14T07:06:50.048Z] <<< HTTP RESPONSE 200 {"content-type":"application/json; charset=UTF-8","vary":"X-Origin, Referer, Origin,Accept-Encoding","date":"Tue, 14 Jul 2020 07:06:49 GMT","server":"ESF","cache-control":"private","x-xss-protection":"0","x-frame-options":"SAMEORIGIN","x-content-type-options":"nosniff","alt-svc":"h3-29=\":443\"; ma=2592000,h3-27=\":443\"; ma=2592000,h3-25=\":443\"; ma=2592000,h3-T050=\":443\"; ma=2592000,h3-Q050=\":443\"; ma=2592000,h3-Q046=\":443\"; ma=2592000,h3-Q043=\":443\"; ma=2592000,quic=\":443\"; ma=2592000; v=\"46,43\"","accept-ranges":"none","transfer-encoding":"chunked"}
[info] ✔  firestore: deployed indexes in firestore.indexes.json successfully 
[debug] [2020-07-14T07:06:50.264Z] <<< HTTP RESPONSE 200 {"content-type":"application/json; charset=UTF-8","vary":"X-Origin, Referer, Origin,Accept-Encoding","date":"Tue, 14 Jul 2020 07:06:50 GMT","server":"ESF","cache-control":"private","x-xss-protection":"0","x-frame-options":"SAMEORIGIN","x-content-type-options":"nosniff","alt-svc":"h3-29=\":443\"; ma=2592000,h3-27=\":443\"; ma=2592000,h3-25=\":443\"; ma=2592000,h3-T050=\":443\"; ma=2592000,h3-Q050=\":443\"; ma=2592000,h3-Q046=\":443\"; ma=2592000,h3-Q043=\":443\"; ma=2592000,quic=\":443\"; ma=2592000; v=\"46,43\"","accept-ranges":"none","transfer-encoding":"chunked"}
[debug] [2020-07-14T07:06:50.266Z] >>> HTTP REQUEST GET https://firebaserules.googleapis.com/v1/projects/tech-career-hub-final/rulesets/db934a79-0ca6-4146-a58a-7c6239ec35e7  
 
[debug] [2020-07-14T07:06:51.062Z] <<< HTTP RESPONSE 200 {"content-type":"application/json; charset=UTF-8","vary":"X-Origin, Referer, Origin,Accept-Encoding","date":"Tue, 14 Jul 2020 07:06:50 GMT","server":"ESF","cache-control":"private","x-xss-protection":"0","x-frame-options":"SAMEORIGIN","x-content-type-options":"nosniff","alt-svc":"h3-29=\":443\"; ma=2592000,h3-27=\":443\"; ma=2592000,h3-25=\":443\"; ma=2592000,h3-T050=\":443\"; ma=2592000,h3-Q050=\":443\"; ma=2592000,h3-Q046=\":443\"; ma=2592000,h3-Q043=\":443\"; ma=2592000,quic=\":443\"; ma=2592000; v=\"46,43\"","accept-ranges":"none","transfer-encoding":"chunked"}
[info] i  firestore: latest version of firestore.rules already up to date, skipping upload... 
[info] i  functions: preparing functions directory for uploading... 
[debug] [2020-07-14T07:06:51.064Z] >>> HTTP REQUEST GET https://runtimeconfig.googleapis.com/v1beta1/projects/tech-career-hub-final/configs  
 
[debug] [2020-07-14T07:06:51.432Z] <<< HTTP RESPONSE 200 {"content-type":"application/json; charset=UTF-8","vary":"X-Origin, Referer, Origin,Accept-Encoding","date":"Tue, 14 Jul 2020 07:06:51 GMT","server":"ESF","cache-control":"private","x-xss-protection":"0","x-frame-options":"SAMEORIGIN","x-content-type-options":"nosniff","alt-svc":"h3-29=\":443\"; ma=2592000,h3-27=\":443\"; ma=2592000,h3-25=\":443\"; ma=2592000,h3-T050=\":443\"; ma=2592000,h3-Q050=\":443\"; ma=2592000,h3-Q046=\":443\"; ma=2592000,h3-Q043=\":443\"; ma=2592000,quic=\":443\"; ma=2592000; v=\"46,43\"","accept-ranges":"none","transfer-encoding":"chunked"}
[info] i  functions: packaged functions (30.12 KB) for uploading 
[debug] [2020-07-14T07:06:51.607Z] >>> HTTP REQUEST GET https://cloudfunctions.googleapis.com/v1/projects/tech-career-hub-final/locations/-/functions  
 
[debug] [2020-07-14T07:06:52.224Z] <<< HTTP RESPONSE 200 {"content-type":"application/json; charset=UTF-8","vary":"X-Origin, Referer, Origin,Accept-Encoding","date":"Tue, 14 Jul 2020 07:06:52 GMT","server":"ESF","cache-control":"private","x-xss-protection":"0","x-frame-options":"SAMEORIGIN","x-content-type-options":"nosniff","alt-svc":"h3-29=\":443\"; ma=2592000,h3-27=\":443\"; ma=2592000,h3-25=\":443\"; ma=2592000,h3-T050=\":443\"; ma=2592000,h3-Q050=\":443\"; ma=2592000,h3-Q046=\":443\"; ma=2592000,h3-Q043=\":443\"; ma=2592000,quic=\":443\"; ma=2592000; v=\"46,43\"","accept-ranges":"none","transfer-encoding":"chunked"}
[debug] [2020-07-14T07:06:52.227Z] >>> HTTP REQUEST POST https://cloudfunctions.googleapis.com/v1/projects/tech-career-hub-final/locations/us-central1/functions:generateUploadUrl  
 
[debug] [2020-07-14T07:06:53.165Z] <<< HTTP RESPONSE 200 {"content-type":"application/json; charset=UTF-8","vary":"X-Origin, Referer, Origin,Accept-Encoding","date":"Tue, 14 Jul 2020 07:06:52 GMT","server":"ESF","cache-control":"private","x-xss-protection":"0","x-frame-options":"SAMEORIGIN","x-content-type-options":"nosniff","alt-svc":"h3-29=\":443\"; ma=2592000,h3-27=\":443\"; ma=2592000,h3-25=\":443\"; ma=2592000,h3-T050=\":443\"; ma=2592000,h3-Q050=\":443\"; ma=2592000,h3-Q046=\":443\"; ma=2592000,h3-Q043=\":443\"; ma=2592000,quic=\":443\"; ma=2592000; v=\"46,43\"","accept-ranges":"none","transfer-encoding":"chunked"}
[debug] [2020-07-14T07:06:53.166Z] >>> HTTP REQUEST PUT https://storage.googleapis.com/gcf-upload-us-central1-1dad8a32-ac95-4432-9f95-d976bf12d522/56cb8847-9f35-4c3d-88d3-42710b0770c9.zip?GoogleAccessId=service-1092039076642@gcf-admin-robot.iam.gserviceaccount.com&Expires=1594712212&Signature=o3zdIIjUSrIohttYnzbbrY%2B%2FWCEXSM%2B3udkw0SLvmwo8btFg%2BV2DQLAzF7f1f1mU8MeEcgj5B3kZqYCS%2Buj54Xj8T7qDr%2FpvSj7L21ouz0dpKh%2FI8A%2F1GLIfsX%2B2JN%2FoxE5Yc9ORKNbRMH3Fx%2BeBULo2GsVc9DXUwB%2BxlxoVfXtUaZOI%2FfpoZ%2F9tbIJmVtpTqDJ300B48rc%2Bf2%2FuJibF54aInRgkAP%2FfJRUNGS%2F0m7DPNUTtjUwEpfVsJoCLFTttkcfZNlUhgJCwY1cOXcoK%2BhCjVAyK4bbeYTS1cftZ4zGniyQq4L%2BJTSLuM3QWWFZsdxZ%2B2%2BcPrcDWMRMngZzCNA%3D%3D  
 <request body omitted>
[debug] [2020-07-14T07:06:53.691Z] <<< HTTP RESPONSE 200 {"x-guploader-uploadid":"AAANsUkzcaXRgQAS52I07rgMleljaKGndBvSnu8X1ROjjrLkh8oJDtTCK5JYNvFJfmKk94CG_5qrgnJVBS88zhQ9SHd1gHfwog","etag":"\"6d72b364c25e435b3bafd7a70f862066\"","x-goog-generation":"1594710413440910","x-goog-metageneration":"1","x-goog-hash":"crc32c=WF0Khw==, md5=bXKzZMJeQ1s7r9enD4YgZg==","x-goog-stored-content-length":"30844","x-goog-stored-content-encoding":"identity","vary":"Origin","content-length":"0","date":"Tue, 14 Jul 2020 07:06:53 GMT","server":"UploadServer","content-type":"text/html; charset=UTF-8","alt-svc":"h3-29=\":443\"; ma=2592000,h3-27=\":443\"; ma=2592000,h3-25=\":443\"; ma=2592000,h3-T050=\":443\"; ma=2592000,h3-Q050=\":443\"; ma=2592000,h3-Q046=\":443\"; ma=2592000,h3-Q043=\":443\"; ma=2592000,quic=\":443\"; ma=2592000; v=\"46,43\""}
[info] ✔  functions: functions folder uploaded successfully 
[info] i  hosting[tech-career-hub-final]: beginning deploy... 
[info] i  hosting[tech-career-hub-final]: found 22 files in dist 
[debug] [2020-07-14T07:06:55.117Z] [hosting] hash cache [ZGlzdA] stored for 22 files
[debug] [2020-07-14T07:06:55.117Z] [hosting][hash queue][FINAL] {"max":1395,"min":32,"avg":249.63636363636363,"active":0,"complete":22,"success":22,"errored":0,"retried":0,"total":22,"elapsed":1412}
[debug] [2020-07-14T07:06:55.117Z] >>> HTTP REQUEST POST https://firebasehosting.googleapis.com/v1beta1/sites/tech-career-hub-final/versions/d974027db7bdbd45:populateFiles  
 <request body omitted>
[debug] [2020-07-14T07:06:56.376Z] <<< HTTP RESPONSE 200 {"content-type":"application/json; charset=UTF-8","vary":"X-Origin, Referer, Origin,Accept-Encoding","date":"Tue, 14 Jul 2020 07:06:56 GMT","server":"ESF","cache-control":"private","x-xss-protection":"0","x-frame-options":"SAMEORIGIN","x-content-type-options":"nosniff","alt-svc":"h3-29=\":443\"; ma=2592000,h3-27=\":443\"; ma=2592000,h3-25=\":443\"; ma=2592000,h3-T050=\":443\"; ma=2592000,h3-Q050=\":443\"; ma=2592000,h3-Q046=\":443\"; ma=2592000,h3-Q043=\":443\"; ma=2592000,quic=\":443\"; ma=2592000; v=\"46,43\"","accept-ranges":"none","transfer-encoding":"chunked"}
[debug] [2020-07-14T07:06:56.378Z] [hosting][populate queue][FINAL] {"max":1263,"min":1263,"avg":1263,"active":0,"complete":1,"success":1,"errored":0,"retried":0,"total":1,"elapsed":1264}
[debug] [2020-07-14T07:06:56.379Z] [hosting] uploads queued: 3
[debug] [2020-07-14T07:06:59.216Z] [hosting][upload queue][FINAL] {"max":2838,"min":2593,"avg":2681.3333333333335,"active":0,"complete":3,"success":3,"errored":0,"retried":0,"total":3,"elapsed":2840}
[info] ✔  hosting[tech-career-hub-final]: file upload complete 
[debug] [2020-07-14T07:06:59.217Z] [hosting] deploy completed after 5525ms
[debug] [2020-07-14T07:06:59.335Z] [rules] releasing cloud.firestore with ruleset projects/tech-career-hub-final/rulesets/db934a79-0ca6-4146-a58a-7c6239ec35e7
[debug] [2020-07-14T07:06:59.336Z] >>> HTTP REQUEST PATCH https://firebaserules.googleapis.com/v1/projects/tech-career-hub-final/releases/cloud.firestore  
 {"release":{"name":"projects/tech-career-hub-final/releases/cloud.firestore","rulesetName":"projects/tech-career-hub-final/rulesets/db934a79-0ca6-4146-a58a-7c6239ec35e7"}}
[debug] [2020-07-14T07:07:00.540Z] <<< HTTP RESPONSE 200 {"content-type":"application/json; charset=UTF-8","vary":"X-Origin, Referer, Origin,Accept-Encoding","date":"Tue, 14 Jul 2020 07:07:00 GMT","server":"ESF","cache-control":"private","x-xss-protection":"0","x-frame-options":"SAMEORIGIN","x-content-type-options":"nosniff","alt-svc":"h3-29=\":443\"; ma=2592000,h3-27=\":443\"; ma=2592000,h3-25=\":443\"; ma=2592000,h3-T050=\":443\"; ma=2592000,h3-Q050=\":443\"; ma=2592000,h3-Q046=\":443\"; ma=2592000,h3-Q043=\":443\"; ma=2592000,quic=\":443\"; ma=2592000; v=\"46,43\"","accept-ranges":"none","transfer-encoding":"chunked"}
[debug] [2020-07-14T07:07:00.541Z] [rules] updated release projects/tech-career-hub-final/releases/cloud.firestore
[info] ✔  firestore: released rules firestore.rules to cloud.firestore 
[info] i  functions: updating Node.js 8 function checkUsername(us-central1)... 
[debug] [2020-07-14T07:07:00.544Z] Trigger is:  {"httpsTrigger":{}}
[info] i  functions: updating Node.js 8 function AddEmployerRole(us-central1)... 
[debug] [2020-07-14T07:07:00.545Z] Trigger is:  {"httpsTrigger":{}}
[info] i  functions: updating Node.js 8 function AddCandidateRole(us-central1)... 
[debug] [2020-07-14T07:07:00.545Z] Trigger is:  {"httpsTrigger":{}}
[debug] [2020-07-14T07:07:00.546Z] >>> HTTP REQUEST GET https://serviceusage.googleapis.com/v1/projects/tech-career-hub-final/services/cloudscheduler.googleapis.com  
 
[debug] [2020-07-14T07:07:01.410Z] <<< HTTP RESPONSE 200 {"content-type":"application/json; charset=UTF-8","vary":"X-Origin, Referer, Origin,Accept-Encoding","date":"Tue, 14 Jul 2020 07:07:01 GMT","server":"ESF","cache-control":"private","x-xss-protection":"0","x-frame-options":"SAMEORIGIN","x-content-type-options":"nosniff","alt-svc":"h3-29=\":443\"; ma=2592000,h3-27=\":443\"; ma=2592000,h3-25=\":443\"; ma=2592000,h3-T050=\":443\"; ma=2592000,h3-Q050=\":443\"; ma=2592000,h3-Q046=\":443\"; ma=2592000,h3-Q043=\":443\"; ma=2592000,quic=\":443\"; ma=2592000; v=\"46,43\"","accept-ranges":"none","transfer-encoding":"chunked"}
[debug] [2020-07-14T07:07:01.412Z] >>> HTTP REQUEST PATCH https://cloudfunctions.googleapis.com/v1/projects/tech-career-hub-final/locations/us-central1/functions/checkUsername {"updateMask":"sourceUploadUrl,name,labels,runtime,environmentVariables,httpsTrigger"} 
 {"sourceUploadUrl":"https://storage.googleapis.com/gcf-upload-us-central1-1dad8a32-ac95-4432-9f95-d976bf12d522/56cb8847-9f35-4c3d-88d3-42710b0770c9.zip?GoogleAccessId=service-1092039076642@gcf-admin-robot.iam.gserviceaccount.com&Expires=1594712212&Signature=o3zdIIjUSrIohttYnzbbrY%2B%2FWCEXSM%2B3udkw0SLvmwo8btFg%2BV2DQLAzF7f1f1mU8MeEcgj5B3kZqYCS%2Buj54Xj8T7qDr%2FpvSj7L21ouz0dpKh%2FI8A%2F1GLIfsX%2B2JN%2FoxE5Yc9ORKNbRMH3Fx%2BeBULo2GsVc9DXUwB%2BxlxoVfXtUaZOI%2FfpoZ%2F9tbIJmVtpTqDJ300B48rc%2Bf2%2FuJibF54aInRgkAP%2FfJRUNGS%2F0m7DPNUTtjUwEpfVsJoCLFTttkcfZNlUhgJCwY1cOXcoK%2BhCjVAyK4bbeYTS1cftZ4zGniyQq4L%2BJTSLuM3QWWFZsdxZ%2B2%2BcPrcDWMRMngZzCNA%3D%3D","name":"projects/tech-career-hub-final/locations/us-central1/functions/checkUsername","labels":{"deployment-tool":"cli-firebase","deployment-callable":"true"},"httpsTrigger":{},"runtime":"nodejs8","environmentVariables":{"FIREBASE_CONFIG":"{\"projectId\":\"tech-career-hub-final\",\"databaseURL\":\"https://tech-career-hub-final.firebaseio.com\",\"storageBucket\":\"tech-career-hub-final.appspot.com\",\"locationId\":\"europe-west2\"}"}}
[debug] [2020-07-14T07:07:01.414Z] >>> HTTP REQUEST PATCH https://cloudfunctions.googleapis.com/v1/projects/tech-career-hub-final/locations/us-central1/functions/AddEmployerRole {"updateMask":"sourceUploadUrl,name,labels,runtime,environmentVariables,httpsTrigger"} 
 {"sourceUploadUrl":"https://storage.googleapis.com/gcf-upload-us-central1-1dad8a32-ac95-4432-9f95-d976bf12d522/56cb8847-9f35-4c3d-88d3-42710b0770c9.zip?GoogleAccessId=service-1092039076642@gcf-admin-robot.iam.gserviceaccount.com&Expires=1594712212&Signature=o3zdIIjUSrIohttYnzbbrY%2B%2FWCEXSM%2B3udkw0SLvmwo8btFg%2BV2DQLAzF7f1f1mU8MeEcgj5B3kZqYCS%2Buj54Xj8T7qDr%2FpvSj7L21ouz0dpKh%2FI8A%2F1GLIfsX%2B2JN%2FoxE5Yc9ORKNbRMH3Fx%2BeBULo2GsVc9DXUwB%2BxlxoVfXtUaZOI%2FfpoZ%2F9tbIJmVtpTqDJ300B48rc%2Bf2%2FuJibF54aInRgkAP%2FfJRUNGS%2F0m7DPNUTtjUwEpfVsJoCLFTttkcfZNlUhgJCwY1cOXcoK%2BhCjVAyK4bbeYTS1cftZ4zGniyQq4L%2BJTSLuM3QWWFZsdxZ%2B2%2BcPrcDWMRMngZzCNA%3D%3D","name":"projects/tech-career-hub-final/locations/us-central1/functions/AddEmployerRole","labels":{"deployment-tool":"cli-firebase","deployment-callable":"true"},"httpsTrigger":{},"runtime":"nodejs8","environmentVariables":{"FIREBASE_CONFIG":"{\"projectId\":\"tech-career-hub-final\",\"databaseURL\":\"https://tech-career-hub-final.firebaseio.com\",\"storageBucket\":\"tech-career-hub-final.appspot.com\",\"locationId\":\"europe-west2\"}"}}
[debug] [2020-07-14T07:07:01.415Z] >>> HTTP REQUEST PATCH https://cloudfunctions.googleapis.com/v1/projects/tech-career-hub-final/locations/us-central1/functions/AddCandidateRole {"updateMask":"sourceUploadUrl,name,labels,runtime,environmentVariables,httpsTrigger"} 
 {"sourceUploadUrl":"https://storage.googleapis.com/gcf-upload-us-central1-1dad8a32-ac95-4432-9f95-d976bf12d522/56cb8847-9f35-4c3d-88d3-42710b0770c9.zip?GoogleAccessId=service-1092039076642@gcf-admin-robot.iam.gserviceaccount.com&Expires=1594712212&Signature=o3zdIIjUSrIohttYnzbbrY%2B%2FWCEXSM%2B3udkw0SLvmwo8btFg%2BV2DQLAzF7f1f1mU8MeEcgj5B3kZqYCS%2Buj54Xj8T7qDr%2FpvSj7L21ouz0dpKh%2FI8A%2F1GLIfsX%2B2JN%2FoxE5Yc9ORKNbRMH3Fx%2BeBULo2GsVc9DXUwB%2BxlxoVfXtUaZOI%2FfpoZ%2F9tbIJmVtpTqDJ300B48rc%2Bf2%2FuJibF54aInRgkAP%2FfJRUNGS%2F0m7DPNUTtjUwEpfVsJoCLFTttkcfZNlUhgJCwY1cOXcoK%2BhCjVAyK4bbeYTS1cftZ4zGniyQq4L%2BJTSLuM3QWWFZsdxZ%2B2%2BcPrcDWMRMngZzCNA%3D%3D","name":"projects/tech-career-hub-final/locations/us-central1/functions/AddCandidateRole","labels":{"deployment-tool":"cli-firebase","deployment-callable":"true"},"httpsTrigger":{},"runtime":"nodejs8","environmentVariables":{"FIREBASE_CONFIG":"{\"projectId\":\"tech-career-hub-final\",\"databaseURL\":\"https://tech-career-hub-final.firebaseio.com\",\"storageBucket\":\"tech-career-hub-final.appspot.com\",\"locationId\":\"europe-west2\"}"}}
[debug] [2020-07-14T07:07:02.229Z] <<< HTTP RESPONSE 200 {"content-type":"application/json; charset=UTF-8","vary":"X-Origin, Referer, Origin,Accept-Encoding","date":"Tue, 14 Jul 2020 07:07:02 GMT","server":"ESF","cache-control":"private","x-xss-protection":"0","x-frame-options":"SAMEORIGIN","x-content-type-options":"nosniff","alt-svc":"h3-29=\":443\"; ma=2592000,h3-27=\":443\"; ma=2592000,h3-25=\":443\"; ma=2592000,h3-T050=\":443\"; ma=2592000,h3-Q050=\":443\"; ma=2592000,h3-Q046=\":443\"; ma=2592000,h3-Q043=\":443\"; ma=2592000,quic=\":443\"; ma=2592000; v=\"46,43\"","accept-ranges":"none","transfer-encoding":"chunked"}
[debug] [2020-07-14T07:07:02.297Z] <<< HTTP RESPONSE 200 {"content-type":"application/json; charset=UTF-8","vary":"X-Origin, Referer, Origin,Accept-Encoding","date":"Tue, 14 Jul 2020 07:07:01 GMT","server":"ESF","cache-control":"private","x-xss-protection":"0","x-frame-options":"SAMEORIGIN","x-content-type-options":"nosniff","alt-svc":"h3-29=\":443\"; ma=2592000,h3-27=\":443\"; ma=2592000,h3-25=\":443\"; ma=2592000,h3-T050=\":443\"; ma=2592000,h3-Q050=\":443\"; ma=2592000,h3-Q046=\":443\"; ma=2592000,h3-Q043=\":443\"; ma=2592000,quic=\":443\"; ma=2592000; v=\"46,43\"","accept-ranges":"none","transfer-encoding":"chunked"}
[debug] [2020-07-14T07:07:02.521Z] <<< HTTP RESPONSE 200 {"content-type":"application/json; charset=UTF-8","vary":"X-Origin, Referer, Origin,Accept-Encoding","date":"Tue, 14 Jul 2020 07:07:01 GMT","server":"ESF","cache-control":"private","x-xss-protection":"0","x-frame-options":"SAMEORIGIN","x-content-type-options":"nosniff","alt-svc":"h3-29=\":443\"; ma=2592000,h3-27=\":443\"; ma=2592000,h3-25=\":443\"; ma=2592000,h3-T050=\":443\"; ma=2592000,h3-Q050=\":443\"; ma=2592000,h3-Q046=\":443\"; ma=2592000,h3-Q043=\":443\"; ma=2592000,quic=\":443\"; ma=2592000; v=\"46,43\"","accept-ranges":"none","transfer-encoding":"chunked"}
[debug] [2020-07-14T07:07:02.526Z] >>> HTTP REQUEST GET https://cloudfunctions.googleapis.com/v1/projects/tech-career-hub-final/locations/-/functions  
 
[debug] [2020-07-14T07:07:03.026Z] <<< HTTP RESPONSE 200 {"content-type":"application/json; charset=UTF-8","vary":"X-Origin, Referer, Origin,Accept-Encoding","date":"Tue, 14 Jul 2020 07:07:02 GMT","server":"ESF","cache-control":"private","x-xss-protection":"0","x-frame-options":"SAMEORIGIN","x-content-type-options":"nosniff","alt-svc":"h3-29=\":443\"; ma=2592000,h3-27=\":443\"; ma=2592000,h3-25=\":443\"; ma=2592000,h3-T050=\":443\"; ma=2592000,h3-Q050=\":443\"; ma=2592000,h3-Q046=\":443\"; ma=2592000,h3-Q043=\":443\"; ma=2592000,quic=\":443\"; ma=2592000; v=\"46,43\"","accept-ranges":"none","transfer-encoding":"chunked"}
[debug] [2020-07-14T07:07:03.027Z] >>> HTTP REQUEST GET https://cloudfunctions.googleapis.com/v1/operations/dGVjaC1jYXJlZXItaHViLWZpbmFsL3VzLWNlbnRyYWwxL2NoZWNrVXNlcm5hbWUvYlhjdnRlSFVjcGM  
 
[debug] [2020-07-14T07:07:03.027Z] >>> HTTP REQUEST GET https://cloudfunctions.googleapis.com/v1/operations/dGVjaC1jYXJlZXItaHViLWZpbmFsL3VzLWNlbnRyYWwxL0FkZEVtcGxveWVyUm9sZS9OYkxmdG5zYVhIUQ  
 
[debug] [2020-07-14T07:07:03.028Z] >>> HTTP REQUEST GET https://cloudfunctions.googleapis.com/v1/operations/dGVjaC1jYXJlZXItaHViLWZpbmFsL3VzLWNlbnRyYWwxL0FkZENhbmRpZGF0ZVJvbGUvMlVoQ3pOZ1lTbFk  
 
[debug] [2020-07-14T07:07:03.037Z] [functions] failed to get status of operation: operations/dGVjaC1jYXJlZXItaHViLWZpbmFsL3VzLWNlbnRyYWwxL0FkZEVtcGxveWVyUm9sZS9OYkxmdG5zYVhIUQ
[debug] [2020-07-14T07:07:03.038Z] [functions] Server Error. getaddrinfo ENOTFOUND cloudfunctions.googleapis.com
[debug] [2020-07-14T07:07:03.329Z] <<< HTTP RESPONSE 200 {"content-type":"application/json; charset=UTF-8","vary":"X-Origin, Referer, Origin,Accept-Encoding","date":"Tue, 14 Jul 2020 07:07:03 GMT","server":"ESF","cache-control":"private","x-xss-protection":"0","x-frame-options":"SAMEORIGIN","x-content-type-options":"nosniff","alt-svc":"h3-29=\":443\"; ma=2592000,h3-27=\":443\"; ma=2592000,h3-25=\":443\"; ma=2592000,h3-T050=\":443\"; ma=2592000,h3-Q050=\":443\"; ma=2592000,h3-Q046=\":443\"; ma=2592000,h3-Q043=\":443\"; ma=2592000,quic=\":443\"; ma=2592000; v=\"46,43\"","accept-ranges":"none","transfer-encoding":"chunked"}
[debug] [2020-07-14T07:07:03.333Z] <<< HTTP RESPONSE 200 {"content-type":"application/json; charset=UTF-8","vary":"X-Origin, Referer, Origin,Accept-Encoding","date":"Tue, 14 Jul 2020 07:07:03 GMT","server":"ESF","cache-control":"private","x-xss-protection":"0","x-frame-options":"SAMEORIGIN","x-content-type-options":"nosniff","alt-svc":"h3-29=\":443\"; ma=2592000,h3-27=\":443\"; ma=2592000,h3-25=\":443\"; ma=2592000,h3-T050=\":443\"; ma=2592000,h3-Q050=\":443\"; ma=2592000,h3-Q046=\":443\"; ma=2592000,h3-Q043=\":443\"; ma=2592000,quic=\":443\"; ma=2592000; v=\"46,43\"","accept-ranges":"none","transfer-encoding":"chunked"}
[debug] [2020-07-14T07:07:05.335Z] >>> HTTP REQUEST GET https://cloudfunctions.googleapis.com/v1/operations/dGVjaC1jYXJlZXItaHViLWZpbmFsL3VzLWNlbnRyYWwxL0FkZENhbmRpZGF0ZVJvbGUvMlVoQ3pOZ1lTbFk  
 
[debug] [2020-07-14T07:07:05.337Z] >>> HTTP REQUEST GET https://cloudfunctions.googleapis.com/v1/operations/dGVjaC1jYXJlZXItaHViLWZpbmFsL3VzLWNlbnRyYWwxL2NoZWNrVXNlcm5hbWUvYlhjdnRlSFVjcGM  
 
[debug] [2020-07-14T07:07:05.638Z] <<< HTTP RESPONSE 200 {"content-type":"application/json; charset=UTF-8","vary":"X-Origin, Referer, Origin,Accept-Encoding","date":"Tue, 14 Jul 2020 07:07:05 GMT","server":"ESF","cache-control":"private","x-xss-protection":"0","x-frame-options":"SAMEORIGIN","x-content-type-options":"nosniff","alt-svc":"h3-29=\":443\"; ma=2592000,h3-27=\":443\"; ma=2592000,h3-25=\":443\"; ma=2592000,h3-T050=\":443\"; ma=2592000,h3-Q050=\":443\"; ma=2592000,h3-Q046=\":443\"; ma=2592000,h3-Q043=\":443\"; ma=2592000,quic=\":443\"; ma=2592000; v=\"46,43\"","accept-ranges":"none","transfer-encoding":"chunked"}
[debug] [2020-07-14T07:07:05.696Z] <<< HTTP RESPONSE 200 {"content-type":"application/json; charset=UTF-8","vary":"X-Origin, Referer, Origin,Accept-Encoding","date":"Tue, 14 Jul 2020 07:07:05 GMT","server":"ESF","cache-control":"private","x-xss-protection":"0","x-frame-options":"SAMEORIGIN","x-content-type-options":"nosniff","alt-svc":"h3-29=\":443\"; ma=2592000,h3-27=\":443\"; ma=2592000,h3-25=\":443\"; ma=2592000,h3-T050=\":443\"; ma=2592000,h3-Q050=\":443\"; ma=2592000,h3-Q046=\":443\"; ma=2592000,h3-Q043=\":443\"; ma=2592000,quic=\":443\"; ma=2592000; v=\"46,43\"","accept-ranges":"none","transfer-encoding":"chunked"}
[debug] [2020-07-14T07:07:07.044Z] >>> HTTP REQUEST GET https://cloudfunctions.googleapis.com/v1/operations/dGVjaC1jYXJlZXItaHViLWZpbmFsL3VzLWNlbnRyYWwxL0FkZEVtcGxveWVyUm9sZS9OYkxmdG5zYVhIUQ  
 
[debug] [2020-07-14T07:07:07.449Z] <<< HTTP RESPONSE 200 {"content-type":"application/json; charset=UTF-8","vary":"X-Origin, Referer, Origin,Accept-Encoding","date":"Tue, 14 Jul 2020 07:07:07 GMT","server":"ESF","cache-control":"private","x-xss-protection":"0","x-frame-options":"SAMEORIGIN","x-content-type-options":"nosniff","alt-svc":"h3-29=\":443\"; ma=2592000,h3-27=\":443\"; ma=2592000,h3-25=\":443\"; ma=2592000,h3-T050=\":443\"; ma=2592000,h3-Q050=\":443\"; ma=2592000,h3-Q046=\":443\"; ma=2592000,h3-Q043=\":443\"; ma=2592000,quic=\":443\"; ma=2592000; v=\"46,43\"","accept-ranges":"none","transfer-encoding":"chunked"}
[debug] [2020-07-14T07:07:07.643Z] >>> HTTP REQUEST GET https://cloudfunctions.googleapis.com/v1/operations/dGVjaC1jYXJlZXItaHViLWZpbmFsL3VzLWNlbnRyYWwxL0FkZENhbmRpZGF0ZVJvbGUvMlVoQ3pOZ1lTbFk  
 
[debug] [2020-07-14T07:07:07.701Z] >>> HTTP REQUEST GET https://cloudfunctions.googleapis.com/v1/operations/dGVjaC1jYXJlZXItaHViLWZpbmFsL3VzLWNlbnRyYWwxL2NoZWNrVXNlcm5hbWUvYlhjdnRlSFVjcGM  
 
[debug] [2020-07-14T07:07:07.956Z] <<< HTTP RESPONSE 200 {"content-type":"application/json; charset=UTF-8","vary":"X-Origin, Referer, Origin,Accept-Encoding","date":"Tue, 14 Jul 2020 07:07:07 GMT","server":"ESF","cache-control":"private","x-xss-protection":"0","x-frame-options":"SAMEORIGIN","x-content-type-options":"nosniff","alt-svc":"h3-29=\":443\"; ma=2592000,h3-27=\":443\"; ma=2592000,h3-25=\":443\"; ma=2592000,h3-T050=\":443\"; ma=2592000,h3-Q050=\":443\"; ma=2592000,h3-Q046=\":443\"; ma=2592000,h3-Q043=\":443\"; ma=2592000,quic=\":443\"; ma=2592000; v=\"46,43\"","accept-ranges":"none","transfer-encoding":"chunked"}
[debug] [2020-07-14T07:07:08.000Z] <<< HTTP RESPONSE 200 {"content-type":"application/json; charset=UTF-8","vary":"X-Origin, Referer, Origin,Accept-Encoding","date":"Tue, 14 Jul 2020 07:07:07 GMT","server":"ESF","cache-control":"private","x-xss-protection":"0","x-frame-options":"SAMEORIGIN","x-content-type-options":"nosniff","alt-svc":"h3-29=\":443\"; ma=2592000,h3-27=\":443\"; ma=2592000,h3-25=\":443\"; ma=2592000,h3-T050=\":443\"; ma=2592000,h3-Q050=\":443\"; ma=2592000,h3-Q046=\":443\"; ma=2592000,h3-Q043=\":443\"; ma=2592000,quic=\":443\"; ma=2592000; v=\"46,43\"","accept-ranges":"none","transfer-encoding":"chunked"}
[debug] [2020-07-14T07:07:09.454Z] >>> HTTP REQUEST GET https://cloudfunctions.googleapis.com/v1/operations/dGVjaC1jYXJlZXItaHViLWZpbmFsL3VzLWNlbnRyYWwxL0FkZEVtcGxveWVyUm9sZS9OYkxmdG5zYVhIUQ  
 
[debug] [2020-07-14T07:07:09.772Z] <<< HTTP RESPONSE 200 {"content-type":"application/json; charset=UTF-8","vary":"X-Origin, Referer, Origin,Accept-Encoding","date":"Tue, 14 Jul 2020 07:07:09 GMT","server":"ESF","cache-control":"private","x-xss-protection":"0","x-frame-options":"SAMEORIGIN","x-content-type-options":"nosniff","alt-svc":"h3-29=\":443\"; ma=2592000,h3-27=\":443\"; ma=2592000,h3-25=\":443\"; ma=2592000,h3-T050=\":443\"; ma=2592000,h3-Q050=\":443\"; ma=2592000,h3-Q046=\":443\"; ma=2592000,h3-Q043=\":443\"; ma=2592000,quic=\":443\"; ma=2592000; v=\"46,43\"","accept-ranges":"none","transfer-encoding":"chunked"}
[debug] [2020-07-14T07:07:09.961Z] >>> HTTP REQUEST GET https://cloudfunctions.googleapis.com/v1/operations/dGVjaC1jYXJlZXItaHViLWZpbmFsL3VzLWNlbnRyYWwxL0FkZENhbmRpZGF0ZVJvbGUvMlVoQ3pOZ1lTbFk  
 
[debug] [2020-07-14T07:07:10.005Z] >>> HTTP REQUEST GET https://cloudfunctions.googleapis.com/v1/operations/dGVjaC1jYXJlZXItaHViLWZpbmFsL3VzLWNlbnRyYWwxL2NoZWNrVXNlcm5hbWUvYlhjdnRlSFVjcGM  
 
[debug] [2020-07-14T07:07:10.332Z] <<< HTTP RESPONSE 200 {"content-type":"application/json; charset=UTF-8","vary":"X-Origin, Referer, Origin,Accept-Encoding","date":"Tue, 14 Jul 2020 07:07:10 GMT","server":"ESF","cache-control":"private","x-xss-protection":"0","x-frame-options":"SAMEORIGIN","x-content-type-options":"nosniff","alt-svc":"h3-29=\":443\"; ma=2592000,h3-27=\":443\"; ma=2592000,h3-25=\":443\"; ma=2592000,h3-T050=\":443\"; ma=2592000,h3-Q050=\":443\"; ma=2592000,h3-Q046=\":443\"; ma=2592000,h3-Q043=\":443\"; ma=2592000,quic=\":443\"; ma=2592000; v=\"46,43\"","accept-ranges":"none","transfer-encoding":"chunked"}
[debug] [2020-07-14T07:07:10.348Z] <<< HTTP RESPONSE 200 {"content-type":"application/json; charset=UTF-8","vary":"X-Origin, Referer, Origin,Accept-Encoding","date":"Tue, 14 Jul 2020 07:07:10 GMT","server":"ESF","cache-control":"private","x-xss-protection":"0","x-frame-options":"SAMEORIGIN","x-content-type-options":"nosniff","alt-svc":"h3-29=\":443\"; ma=2592000,h3-27=\":443\"; ma=2592000,h3-25=\":443\"; ma=2592000,h3-T050=\":443\"; ma=2592000,h3-Q050=\":443\"; ma=2592000,h3-Q046=\":443\"; ma=2592000,h3-Q043=\":443\"; ma=2592000,quic=\":443\"; ma=2592000; v=\"46,43\"","accept-ranges":"none","transfer-encoding":"chunked"}
[debug] [2020-07-14T07:07:11.776Z] >>> HTTP REQUEST GET https://cloudfunctions.googleapis.com/v1/operations/dGVjaC1jYXJlZXItaHViLWZpbmFsL3VzLWNlbnRyYWwxL0FkZEVtcGxveWVyUm9sZS9OYkxmdG5zYVhIUQ  
 
[debug] [2020-07-14T07:07:12.075Z] <<< HTTP RESPONSE 200 {"content-type":"application/json; charset=UTF-8","vary":"X-Origin, Referer, Origin,Accept-Encoding","date":"Tue, 14 Jul 2020 07:07:11 GMT","server":"ESF","cache-control":"private","x-xss-protection":"0","x-frame-options":"SAMEORIGIN","x-content-type-options":"nosniff","alt-svc":"h3-29=\":443\"; ma=2592000,h3-27=\":443\"; ma=2592000,h3-25=\":443\"; ma=2592000,h3-T050=\":443\"; ma=2592000,h3-Q050=\":443\"; ma=2592000,h3-Q046=\":443\"; ma=2592000,h3-Q043=\":443\"; ma=2592000,quic=\":443\"; ma=2592000; v=\"46,43\"","accept-ranges":"none","transfer-encoding":"chunked"}
[debug] [2020-07-14T07:07:12.337Z] >>> HTTP REQUEST GET https://cloudfunctions.googleapis.com/v1/operations/dGVjaC1jYXJlZXItaHViLWZpbmFsL3VzLWNlbnRyYWwxL2NoZWNrVXNlcm5hbWUvYlhjdnRlSFVjcGM  
 
[debug] [2020-07-14T07:07:12.350Z] >>> HTTP REQUEST GET https://cloudfunctions.googleapis.com/v1/operations/dGVjaC1jYXJlZXItaHViLWZpbmFsL3VzLWNlbnRyYWwxL0FkZENhbmRpZGF0ZVJvbGUvMlVoQ3pOZ1lTbFk  
 
[debug] [2020-07-14T07:07:12.668Z] <<< HTTP RESPONSE 200 {"content-type":"application/json; charset=UTF-8","vary":"X-Origin, Referer, Origin,Accept-Encoding","date":"Tue, 14 Jul 2020 07:07:12 GMT","server":"ESF","cache-control":"private","x-xss-protection":"0","x-frame-options":"SAMEORIGIN","x-content-type-options":"nosniff","alt-svc":"h3-29=\":443\"; ma=2592000,h3-27=\":443\"; ma=2592000,h3-25=\":443\"; ma=2592000,h3-T050=\":443\"; ma=2592000,h3-Q050=\":443\"; ma=2592000,h3-Q046=\":443\"; ma=2592000,h3-Q043=\":443\"; ma=2592000,quic=\":443\"; ma=2592000; v=\"46,43\"","accept-ranges":"none","transfer-encoding":"chunked"}
[debug] [2020-07-14T07:07:12.677Z] <<< HTTP RESPONSE 200 {"content-type":"application/json; charset=UTF-8","vary":"X-Origin, Referer, Origin,Accept-Encoding","date":"Tue, 14 Jul 2020 07:07:12 GMT","server":"ESF","cache-control":"private","x-xss-protection":"0","x-frame-options":"SAMEORIGIN","x-content-type-options":"nosniff","alt-svc":"h3-29=\":443\"; ma=2592000,h3-27=\":443\"; ma=2592000,h3-25=\":443\"; ma=2592000,h3-T050=\":443\"; ma=2592000,h3-Q050=\":443\"; ma=2592000,h3-Q046=\":443\"; ma=2592000,h3-Q043=\":443\"; ma=2592000,quic=\":443\"; ma=2592000; v=\"46,43\"","accept-ranges":"none","transfer-encoding":"chunked"}
[debug] [2020-07-14T07:07:14.080Z] >>> HTTP REQUEST GET https://cloudfunctions.googleapis.com/v1/operations/dGVjaC1jYXJlZXItaHViLWZpbmFsL3VzLWNlbnRyYWwxL0FkZEVtcGxveWVyUm9sZS9OYkxmdG5zYVhIUQ  
 
[debug] [2020-07-14T07:07:14.416Z] <<< HTTP RESPONSE 200 {"content-type":"application/json; charset=UTF-8","vary":"X-Origin, Referer, Origin,Accept-Encoding","date":"Tue, 14 Jul 2020 07:07:14 GMT","server":"ESF","cache-control":"private","x-xss-protection":"0","x-frame-options":"SAMEORIGIN","x-content-type-options":"nosniff","alt-svc":"h3-29=\":443\"; ma=2592000,h3-27=\":443\"; ma=2592000,h3-25=\":443\"; ma=2592000,h3-T050=\":443\"; ma=2592000,h3-Q050=\":443\"; ma=2592000,h3-Q046=\":443\"; ma=2592000,h3-Q043=\":443\"; ma=2592000,quic=\":443\"; ma=2592000; v=\"46,43\"","accept-ranges":"none","transfer-encoding":"chunked"}
[debug] [2020-07-14T07:07:14.674Z] >>> HTTP REQUEST GET https://cloudfunctions.googleapis.com/v1/operations/dGVjaC1jYXJlZXItaHViLWZpbmFsL3VzLWNlbnRyYWwxL0FkZENhbmRpZGF0ZVJvbGUvMlVoQ3pOZ1lTbFk  
 
[debug] [2020-07-14T07:07:14.679Z] >>> HTTP REQUEST GET https://cloudfunctions.googleapis.com/v1/operations/dGVjaC1jYXJlZXItaHViLWZpbmFsL3VzLWNlbnRyYWwxL2NoZWNrVXNlcm5hbWUvYlhjdnRlSFVjcGM  
 
[debug] [2020-07-14T07:07:14.975Z] <<< HTTP RESPONSE 200 {"content-type":"application/json; charset=UTF-8","vary":"X-Origin, Referer, Origin,Accept-Encoding","date":"Tue, 14 Jul 2020 07:07:14 GMT","server":"ESF","cache-control":"private","x-xss-protection":"0","x-frame-options":"SAMEORIGIN","x-content-type-options":"nosniff","alt-svc":"h3-29=\":443\"; ma=2592000,h3-27=\":443\"; ma=2592000,h3-25=\":443\"; ma=2592000,h3-T050=\":443\"; ma=2592000,h3-Q050=\":443\"; ma=2592000,h3-Q046=\":443\"; ma=2592000,h3-Q043=\":443\"; ma=2592000,quic=\":443\"; ma=2592000; v=\"46,43\"","accept-ranges":"none","transfer-encoding":"chunked"}
[debug] [2020-07-14T07:07:15.012Z] <<< HTTP RESPONSE 200 {"content-type":"application/json; charset=UTF-8","vary":"X-Origin, Referer, Origin,Accept-Encoding","date":"Tue, 14 Jul 2020 07:07:14 GMT","server":"ESF","cache-control":"private","x-xss-protection":"0","x-frame-options":"SAMEORIGIN","x-content-type-options":"nosniff","alt-svc":"h3-29=\":443\"; ma=2592000,h3-27=\":443\"; ma=2592000,h3-25=\":443\"; ma=2592000,h3-T050=\":443\"; ma=2592000,h3-Q050=\":443\"; ma=2592000,h3-Q046=\":443\"; ma=2592000,h3-Q043=\":443\"; ma=2592000,quic=\":443\"; ma=2592000; v=\"46,43\"","accept-ranges":"none","transfer-encoding":"chunked"}
[debug] [2020-07-14T07:07:16.418Z] >>> HTTP REQUEST GET https://cloudfunctions.googleapis.com/v1/operations/dGVjaC1jYXJlZXItaHViLWZpbmFsL3VzLWNlbnRyYWwxL0FkZEVtcGxveWVyUm9sZS9OYkxmdG5zYVhIUQ  
 
[debug] [2020-07-14T07:07:16.785Z] <<< HTTP RESPONSE 200 {"content-type":"application/json; charset=UTF-8","vary":"X-Origin, Referer, Origin,Accept-Encoding","date":"Tue, 14 Jul 2020 07:07:16 GMT","server":"ESF","cache-control":"private","x-xss-protection":"0","x-frame-options":"SAMEORIGIN","x-content-type-options":"nosniff","alt-svc":"h3-29=\":443\"; ma=2592000,h3-27=\":443\"; ma=2592000,h3-25=\":443\"; ma=2592000,h3-T050=\":443\"; ma=2592000,h3-Q050=\":443\"; ma=2592000,h3-Q046=\":443\"; ma=2592000,h3-Q043=\":443\"; ma=2592000,quic=\":443\"; ma=2592000; v=\"46,43\"","accept-ranges":"none","transfer-encoding":"chunked"}
[debug] [2020-07-14T07:07:16.980Z] >>> HTTP REQUEST GET https://cloudfunctions.googleapis.com/v1/operations/dGVjaC1jYXJlZXItaHViLWZpbmFsL3VzLWNlbnRyYWwxL0FkZENhbmRpZGF0ZVJvbGUvMlVoQ3pOZ1lTbFk  
 
[debug] [2020-07-14T07:07:17.013Z] >>> HTTP REQUEST GET https://cloudfunctions.googleapis.com/v1/operations/dGVjaC1jYXJlZXItaHViLWZpbmFsL3VzLWNlbnRyYWwxL2NoZWNrVXNlcm5hbWUvYlhjdnRlSFVjcGM  
 
[debug] [2020-07-14T07:07:17.274Z] <<< HTTP RESPONSE 200 {"content-type":"application/json; charset=UTF-8","vary":"X-Origin, Referer, Origin,Accept-Encoding","date":"Tue, 14 Jul 2020 07:07:17 GMT","server":"ESF","cache-control":"private","x-xss-protection":"0","x-frame-options":"SAMEORIGIN","x-content-type-options":"nosniff","alt-svc":"h3-29=\":443\"; ma=2592000,h3-27=\":443\"; ma=2592000,h3-25=\":443\"; ma=2592000,h3-T050=\":443\"; ma=2592000,h3-Q050=\":443\"; ma=2592000,h3-Q046=\":443\"; ma=2592000,h3-Q043=\":443\"; ma=2592000,quic=\":443\"; ma=2592000; v=\"46,43\"","accept-ranges":"none","transfer-encoding":"chunked"}
[debug] [2020-07-14T07:07:17.313Z] <<< HTTP RESPONSE 200 {"content-type":"application/json; charset=UTF-8","vary":"X-Origin, Referer, Origin,Accept-Encoding","date":"Tue, 14 Jul 2020 07:07:17 GMT","server":"ESF","cache-control":"private","x-xss-protection":"0","x-frame-options":"SAMEORIGIN","x-content-type-options":"nosniff","alt-svc":"h3-29=\":443\"; ma=2592000,h3-27=\":443\"; ma=2592000,h3-25=\":443\"; ma=2592000,h3-T050=\":443\"; ma=2592000,h3-Q050=\":443\"; ma=2592000,h3-Q046=\":443\"; ma=2592000,h3-Q043=\":443\"; ma=2592000,quic=\":443\"; ma=2592000; v=\"46,43\"","accept-ranges":"none","transfer-encoding":"chunked"}
[debug] [2020-07-14T07:07:18.787Z] >>> HTTP REQUEST GET https://cloudfunctions.googleapis.com/v1/operations/dGVjaC1jYXJlZXItaHViLWZpbmFsL3VzLWNlbnRyYWwxL0FkZEVtcGxveWVyUm9sZS9OYkxmdG5zYVhIUQ  
 
[debug] [2020-07-14T07:07:19.086Z] <<< HTTP RESPONSE 200 {"content-type":"application/json; charset=UTF-8","vary":"X-Origin, Referer, Origin,Accept-Encoding","date":"Tue, 14 Jul 2020 07:07:18 GMT","server":"ESF","cache-control":"private","x-xss-protection":"0","x-frame-options":"SAMEORIGIN","x-content-type-options":"nosniff","alt-svc":"h3-29=\":443\"; ma=2592000,h3-27=\":443\"; ma=2592000,h3-25=\":443\"; ma=2592000,h3-T050=\":443\"; ma=2592000,h3-Q050=\":443\"; ma=2592000,h3-Q046=\":443\"; ma=2592000,h3-Q043=\":443\"; ma=2592000,quic=\":443\"; ma=2592000; v=\"46,43\"","accept-ranges":"none","transfer-encoding":"chunked"}
[debug] [2020-07-14T07:07:19.280Z] >>> HTTP REQUEST GET https://cloudfunctions.googleapis.com/v1/operations/dGVjaC1jYXJlZXItaHViLWZpbmFsL3VzLWNlbnRyYWwxL0FkZENhbmRpZGF0ZVJvbGUvMlVoQ3pOZ1lTbFk  
 
[debug] [2020-07-14T07:07:19.316Z] >>> HTTP REQUEST GET https://cloudfunctions.googleapis.com/v1/operations/dGVjaC1jYXJlZXItaHViLWZpbmFsL3VzLWNlbnRyYWwxL2NoZWNrVXNlcm5hbWUvYlhjdnRlSFVjcGM  
 
[debug] [2020-07-14T07:07:19.617Z] <<< HTTP RESPONSE 200 {"content-type":"application/json; charset=UTF-8","vary":"X-Origin, Referer, Origin,Accept-Encoding","date":"Tue, 14 Jul 2020 07:07:19 GMT","server":"ESF","cache-control":"private","x-xss-protection":"0","x-frame-options":"SAMEORIGIN","x-content-type-options":"nosniff","alt-svc":"h3-29=\":443\"; ma=2592000,h3-27=\":443\"; ma=2592000,h3-25=\":443\"; ma=2592000,h3-T050=\":443\"; ma=2592000,h3-Q050=\":443\"; ma=2592000,h3-Q046=\":443\"; ma=2592000,h3-Q043=\":443\"; ma=2592000,quic=\":443\"; ma=2592000; v=\"46,43\"","accept-ranges":"none","transfer-encoding":"chunked"}
[debug] [2020-07-14T07:07:19.628Z] <<< HTTP RESPONSE 200 {"content-type":"application/json; charset=UTF-8","vary":"X-Origin, Referer, Origin,Accept-Encoding","date":"Tue, 14 Jul 2020 07:07:19 GMT","server":"ESF","cache-control":"private","x-xss-protection":"0","x-frame-options":"SAMEORIGIN","x-content-type-options":"nosniff","alt-svc":"h3-29=\":443\"; ma=2592000,h3-27=\":443\"; ma=2592000,h3-25=\":443\"; ma=2592000,h3-T050=\":443\"; ma=2592000,h3-Q050=\":443\"; ma=2592000,h3-Q046=\":443\"; ma=2592000,h3-Q043=\":443\"; ma=2592000,quic=\":443\"; ma=2592000; v=\"46,43\"","accept-ranges":"none","transfer-encoding":"chunked"}
[debug] [2020-07-14T07:07:21.091Z] >>> HTTP REQUEST GET https://cloudfunctions.googleapis.com/v1/operations/dGVjaC1jYXJlZXItaHViLWZpbmFsL3VzLWNlbnRyYWwxL0FkZEVtcGxveWVyUm9sZS9OYkxmdG5zYVhIUQ  
 
[debug] [2020-07-14T07:07:21.418Z] <<< HTTP RESPONSE 200 {"content-type":"application/json; charset=UTF-8","vary":"X-Origin, Referer, Origin,Accept-Encoding","date":"Tue, 14 Jul 2020 07:07:21 GMT","server":"ESF","cache-control":"private","x-xss-protection":"0","x-frame-options":"SAMEORIGIN","x-content-type-options":"nosniff","alt-svc":"h3-29=\":443\"; ma=2592000,h3-27=\":443\"; ma=2592000,h3-25=\":443\"; ma=2592000,h3-T050=\":443\"; ma=2592000,h3-Q050=\":443\"; ma=2592000,h3-Q046=\":443\"; ma=2592000,h3-Q043=\":443\"; ma=2592000,quic=\":443\"; ma=2592000; v=\"46,43\"","accept-ranges":"none","transfer-encoding":"chunked"}
[debug] [2020-07-14T07:07:21.618Z] >>> HTTP REQUEST GET https://cloudfunctions.googleapis.com/v1/operations/dGVjaC1jYXJlZXItaHViLWZpbmFsL3VzLWNlbnRyYWwxL0FkZENhbmRpZGF0ZVJvbGUvMlVoQ3pOZ1lTbFk  
 
[debug] [2020-07-14T07:07:21.629Z] >>> HTTP REQUEST GET https://cloudfunctions.googleapis.com/v1/operations/dGVjaC1jYXJlZXItaHViLWZpbmFsL3VzLWNlbnRyYWwxL2NoZWNrVXNlcm5hbWUvYlhjdnRlSFVjcGM  
 
[debug] [2020-07-14T07:07:23.388Z] <<< HTTP RESPONSE 200 {"content-type":"application/json; charset=UTF-8","vary":"X-Origin, Referer, Origin,Accept-Encoding","date":"Tue, 14 Jul 2020 07:07:23 GMT","server":"ESF","cache-control":"private","x-xss-protection":"0","x-frame-options":"SAMEORIGIN","x-content-type-options":"nosniff","alt-svc":"h3-29=\":443\"; ma=2592000,h3-27=\":443\"; ma=2592000,h3-25=\":443\"; ma=2592000,h3-T050=\":443\"; ma=2592000,h3-Q050=\":443\"; ma=2592000,h3-Q046=\":443\"; ma=2592000,h3-Q043=\":443\"; ma=2592000,quic=\":443\"; ma=2592000; v=\"46,43\"","accept-ranges":"none","transfer-encoding":"chunked"}
[debug] [2020-07-14T07:07:23.420Z] >>> HTTP REQUEST GET https://cloudfunctions.googleapis.com/v1/operations/dGVjaC1jYXJlZXItaHViLWZpbmFsL3VzLWNlbnRyYWwxL0FkZEVtcGxveWVyUm9sZS9OYkxmdG5zYVhIUQ  
 
[debug] [2020-07-14T07:07:23.421Z] <<< HTTP RESPONSE 200 {"content-type":"application/json; charset=UTF-8","vary":"X-Origin, Referer, Origin,Accept-Encoding","date":"Tue, 14 Jul 2020 07:07:23 GMT","server":"ESF","cache-control":"private","x-xss-protection":"0","x-frame-options":"SAMEORIGIN","x-content-type-options":"nosniff","alt-svc":"h3-29=\":443\"; ma=2592000,h3-27=\":443\"; ma=2592000,h3-25=\":443\"; ma=2592000,h3-T050=\":443\"; ma=2592000,h3-Q050=\":443\"; ma=2592000,h3-Q046=\":443\"; ma=2592000,h3-Q043=\":443\"; ma=2592000,quic=\":443\"; ma=2592000; v=\"46,43\"","accept-ranges":"none","transfer-encoding":"chunked"}
[debug] [2020-07-14T07:07:23.698Z] <<< HTTP RESPONSE 200 {"content-type":"application/json; charset=UTF-8","vary":"X-Origin, Referer, Origin,Accept-Encoding","date":"Tue, 14 Jul 2020 07:07:23 GMT","server":"ESF","cache-control":"private","x-xss-protection":"0","x-frame-options":"SAMEORIGIN","x-content-type-options":"nosniff","alt-svc":"h3-29=\":443\"; ma=2592000,h3-27=\":443\"; ma=2592000,h3-25=\":443\"; ma=2592000,h3-T050=\":443\"; ma=2592000,h3-Q050=\":443\"; ma=2592000,h3-Q046=\":443\"; ma=2592000,h3-Q043=\":443\"; ma=2592000,quic=\":443\"; ma=2592000; v=\"46,43\"","accept-ranges":"none","transfer-encoding":"chunked"}
[debug] [2020-07-14T07:07:25.391Z] >>> HTTP REQUEST GET https://cloudfunctions.googleapis.com/v1/operations/dGVjaC1jYXJlZXItaHViLWZpbmFsL3VzLWNlbnRyYWwxL0FkZENhbmRpZGF0ZVJvbGUvMlVoQ3pOZ1lTbFk  
 
[debug] [2020-07-14T07:07:25.425Z] >>> HTTP REQUEST GET https://cloudfunctions.googleapis.com/v1/operations/dGVjaC1jYXJlZXItaHViLWZpbmFsL3VzLWNlbnRyYWwxL2NoZWNrVXNlcm5hbWUvYlhjdnRlSFVjcGM  
 
[debug] [2020-07-14T07:07:25.704Z] >>> HTTP REQUEST GET https://cloudfunctions.googleapis.com/v1/operations/dGVjaC1jYXJlZXItaHViLWZpbmFsL3VzLWNlbnRyYWwxL0FkZEVtcGxveWVyUm9sZS9OYkxmdG5zYVhIUQ  
 
[debug] [2020-07-14T07:07:25.728Z] <<< HTTP RESPONSE 200 {"content-type":"application/json; charset=UTF-8","vary":"X-Origin, Referer, Origin,Accept-Encoding","date":"Tue, 14 Jul 2020 07:07:25 GMT","server":"ESF","cache-control":"private","x-xss-protection":"0","x-frame-options":"SAMEORIGIN","x-content-type-options":"nosniff","alt-svc":"h3-29=\":443\"; ma=2592000,h3-27=\":443\"; ma=2592000,h3-25=\":443\"; ma=2592000,h3-T050=\":443\"; ma=2592000,h3-Q050=\":443\"; ma=2592000,h3-Q046=\":443\"; ma=2592000,h3-Q043=\":443\"; ma=2592000,quic=\":443\"; ma=2592000; v=\"46,43\"","accept-ranges":"none","transfer-encoding":"chunked"}
[debug] [2020-07-14T07:07:25.733Z] <<< HTTP RESPONSE 200 {"content-type":"application/json; charset=UTF-8","vary":"X-Origin, Referer, Origin,Accept-Encoding","date":"Tue, 14 Jul 2020 07:07:25 GMT","server":"ESF","cache-control":"private","x-xss-protection":"0","x-frame-options":"SAMEORIGIN","x-content-type-options":"nosniff","alt-svc":"h3-29=\":443\"; ma=2592000,h3-27=\":443\"; ma=2592000,h3-25=\":443\"; ma=2592000,h3-T050=\":443\"; ma=2592000,h3-Q050=\":443\"; ma=2592000,h3-Q046=\":443\"; ma=2592000,h3-Q043=\":443\"; ma=2592000,quic=\":443\"; ma=2592000; v=\"46,43\"","accept-ranges":"none","transfer-encoding":"chunked"}
[debug] [2020-07-14T07:07:25.981Z] <<< HTTP RESPONSE 200 {"content-type":"application/json; charset=UTF-8","vary":"X-Origin, Referer, Origin,Accept-Encoding","date":"Tue, 14 Jul 2020 07:07:25 GMT","server":"ESF","cache-control":"private","x-xss-protection":"0","x-frame-options":"SAMEORIGIN","x-content-type-options":"nosniff","alt-svc":"h3-29=\":443\"; ma=2592000,h3-27=\":443\"; ma=2592000,h3-25=\":443\"; ma=2592000,h3-T050=\":443\"; ma=2592000,h3-Q050=\":443\"; ma=2592000,h3-Q046=\":443\"; ma=2592000,h3-Q043=\":443\"; ma=2592000,quic=\":443\"; ma=2592000; v=\"46,43\"","accept-ranges":"none","transfer-encoding":"chunked"}
[debug] [2020-07-14T07:07:27.731Z] >>> HTTP REQUEST GET https://cloudfunctions.googleapis.com/v1/operations/dGVjaC1jYXJlZXItaHViLWZpbmFsL3VzLWNlbnRyYWwxL0FkZENhbmRpZGF0ZVJvbGUvMlVoQ3pOZ1lTbFk  
 
[debug] [2020-07-14T07:07:27.735Z] >>> HTTP REQUEST GET https://cloudfunctions.googleapis.com/v1/operations/dGVjaC1jYXJlZXItaHViLWZpbmFsL3VzLWNlbnRyYWwxL2NoZWNrVXNlcm5hbWUvYlhjdnRlSFVjcGM  
 
[debug] [2020-07-14T07:07:27.982Z] >>> HTTP REQUEST GET https://cloudfunctions.googleapis.com/v1/operations/dGVjaC1jYXJlZXItaHViLWZpbmFsL3VzLWNlbnRyYWwxL0FkZEVtcGxveWVyUm9sZS9OYkxmdG5zYVhIUQ  
 
[debug] [2020-07-14T07:07:28.057Z] <<< HTTP RESPONSE 200 {"content-type":"application/json; charset=UTF-8","vary":"X-Origin, Referer, Origin,Accept-Encoding","date":"Tue, 14 Jul 2020 07:07:27 GMT","server":"ESF","cache-control":"private","x-xss-protection":"0","x-frame-options":"SAMEORIGIN","x-content-type-options":"nosniff","alt-svc":"h3-29=\":443\"; ma=2592000,h3-27=\":443\"; ma=2592000,h3-25=\":443\"; ma=2592000,h3-T050=\":443\"; ma=2592000,h3-Q050=\":443\"; ma=2592000,h3-Q046=\":443\"; ma=2592000,h3-Q043=\":443\"; ma=2592000,quic=\":443\"; ma=2592000; v=\"46,43\"","accept-ranges":"none","transfer-encoding":"chunked"}
[debug] [2020-07-14T07:07:28.072Z] <<< HTTP RESPONSE 200 {"content-type":"application/json; charset=UTF-8","vary":"X-Origin, Referer, Origin,Accept-Encoding","date":"Tue, 14 Jul 2020 07:07:27 GMT","server":"ESF","cache-control":"private","x-xss-protection":"0","x-frame-options":"SAMEORIGIN","x-content-type-options":"nosniff","alt-svc":"h3-29=\":443\"; ma=2592000,h3-27=\":443\"; ma=2592000,h3-25=\":443\"; ma=2592000,h3-T050=\":443\"; ma=2592000,h3-Q050=\":443\"; ma=2592000,h3-Q046=\":443\"; ma=2592000,h3-Q043=\":443\"; ma=2592000,quic=\":443\"; ma=2592000; v=\"46,43\"","accept-ranges":"none","transfer-encoding":"chunked"}
[debug] [2020-07-14T07:07:28.296Z] <<< HTTP RESPONSE 200 {"content-type":"application/json; charset=UTF-8","vary":"X-Origin, Referer, Origin,Accept-Encoding","date":"Tue, 14 Jul 2020 07:07:28 GMT","server":"ESF","cache-control":"private","x-xss-protection":"0","x-frame-options":"SAMEORIGIN","x-content-type-options":"nosniff","alt-svc":"h3-29=\":443\"; ma=2592000,h3-27=\":443\"; ma=2592000,h3-25=\":443\"; ma=2592000,h3-T050=\":443\"; ma=2592000,h3-Q050=\":443\"; ma=2592000,h3-Q046=\":443\"; ma=2592000,h3-Q043=\":443\"; ma=2592000,quic=\":443\"; ma=2592000; v=\"46,43\"","accept-ranges":"none","transfer-encoding":"chunked"}
[debug] [2020-07-14T07:07:30.060Z] >>> HTTP REQUEST GET https://cloudfunctions.googleapis.com/v1/operations/dGVjaC1jYXJlZXItaHViLWZpbmFsL3VzLWNlbnRyYWwxL0FkZENhbmRpZGF0ZVJvbGUvMlVoQ3pOZ1lTbFk  
 
[debug] [2020-07-14T07:07:30.072Z] >>> HTTP REQUEST GET https://cloudfunctions.googleapis.com/v1/operations/dGVjaC1jYXJlZXItaHViLWZpbmFsL3VzLWNlbnRyYWwxL2NoZWNrVXNlcm5hbWUvYlhjdnRlSFVjcGM  
 
[debug] [2020-07-14T07:07:30.300Z] >>> HTTP REQUEST GET https://cloudfunctions.googleapis.com/v1/operations/dGVjaC1jYXJlZXItaHViLWZpbmFsL3VzLWNlbnRyYWwxL0FkZEVtcGxveWVyUm9sZS9OYkxmdG5zYVhIUQ  
 
[debug] [2020-07-14T07:07:30.356Z] <<< HTTP RESPONSE 200 {"content-type":"application/json; charset=UTF-8","vary":"X-Origin, Referer, Origin,Accept-Encoding","date":"Tue, 14 Jul 2020 07:07:30 GMT","server":"ESF","cache-control":"private","x-xss-protection":"0","x-frame-options":"SAMEORIGIN","x-content-type-options":"nosniff","alt-svc":"h3-29=\":443\"; ma=2592000,h3-27=\":443\"; ma=2592000,h3-25=\":443\"; ma=2592000,h3-T050=\":443\"; ma=2592000,h3-Q050=\":443\"; ma=2592000,h3-Q046=\":443\"; ma=2592000,h3-Q043=\":443\"; ma=2592000,quic=\":443\"; ma=2592000; v=\"46,43\"","accept-ranges":"none","transfer-encoding":"chunked"}
[debug] [2020-07-14T07:07:30.392Z] <<< HTTP RESPONSE 200 {"content-type":"application/json; charset=UTF-8","vary":"X-Origin, Referer, Origin,Accept-Encoding","date":"Tue, 14 Jul 2020 07:07:30 GMT","server":"ESF","cache-control":"private","x-xss-protection":"0","x-frame-options":"SAMEORIGIN","x-content-type-options":"nosniff","alt-svc":"h3-29=\":443\"; ma=2592000,h3-27=\":443\"; ma=2592000,h3-25=\":443\"; ma=2592000,h3-T050=\":443\"; ma=2592000,h3-Q050=\":443\"; ma=2592000,h3-Q046=\":443\"; ma=2592000,h3-Q043=\":443\"; ma=2592000,quic=\":443\"; ma=2592000; v=\"46,43\"","accept-ranges":"none","transfer-encoding":"chunked"}
[debug] [2020-07-14T07:07:30.641Z] <<< HTTP RESPONSE 200 {"content-type":"application/json; charset=UTF-8","vary":"X-Origin, Referer, Origin,Accept-Encoding","date":"Tue, 14 Jul 2020 07:07:30 GMT","server":"ESF","cache-control":"private","x-xss-protection":"0","x-frame-options":"SAMEORIGIN","x-content-type-options":"nosniff","alt-svc":"h3-29=\":443\"; ma=2592000,h3-27=\":443\"; ma=2592000,h3-25=\":443\"; ma=2592000,h3-T050=\":443\"; ma=2592000,h3-Q050=\":443\"; ma=2592000,h3-Q046=\":443\"; ma=2592000,h3-Q043=\":443\"; ma=2592000,quic=\":443\"; ma=2592000; v=\"46,43\"","accept-ranges":"none","transfer-encoding":"chunked"}
[debug] [2020-07-14T07:07:32.360Z] >>> HTTP REQUEST GET https://cloudfunctions.googleapis.com/v1/operations/dGVjaC1jYXJlZXItaHViLWZpbmFsL3VzLWNlbnRyYWwxL0FkZENhbmRpZGF0ZVJvbGUvMlVoQ3pOZ1lTbFk  
 
[debug] [2020-07-14T07:07:32.397Z] >>> HTTP REQUEST GET https://cloudfunctions.googleapis.com/v1/operations/dGVjaC1jYXJlZXItaHViLWZpbmFsL3VzLWNlbnRyYWwxL2NoZWNrVXNlcm5hbWUvYlhjdnRlSFVjcGM  
 
[debug] [2020-07-14T07:07:32.645Z] >>> HTTP REQUEST GET https://cloudfunctions.googleapis.com/v1/operations/dGVjaC1jYXJlZXItaHViLWZpbmFsL3VzLWNlbnRyYWwxL0FkZEVtcGxveWVyUm9sZS9OYkxmdG5zYVhIUQ  
 
[debug] [2020-07-14T07:07:32.664Z] <<< HTTP RESPONSE 200 {"content-type":"application/json; charset=UTF-8","vary":"X-Origin, Referer, Origin,Accept-Encoding","date":"Tue, 14 Jul 2020 07:07:32 GMT","server":"ESF","cache-control":"private","x-xss-protection":"0","x-frame-options":"SAMEORIGIN","x-content-type-options":"nosniff","alt-svc":"h3-29=\":443\"; ma=2592000,h3-27=\":443\"; ma=2592000,h3-25=\":443\"; ma=2592000,h3-T050=\":443\"; ma=2592000,h3-Q050=\":443\"; ma=2592000,h3-Q046=\":443\"; ma=2592000,h3-Q043=\":443\"; ma=2592000,quic=\":443\"; ma=2592000; v=\"46,43\"","accept-ranges":"none","transfer-encoding":"chunked"}
[debug] [2020-07-14T07:07:32.728Z] <<< HTTP RESPONSE 200 {"content-type":"application/json; charset=UTF-8","vary":"X-Origin, Referer, Origin,Accept-Encoding","date":"Tue, 14 Jul 2020 07:07:32 GMT","server":"ESF","cache-control":"private","x-xss-protection":"0","x-frame-options":"SAMEORIGIN","x-content-type-options":"nosniff","alt-svc":"h3-29=\":443\"; ma=2592000,h3-27=\":443\"; ma=2592000,h3-25=\":443\"; ma=2592000,h3-T050=\":443\"; ma=2592000,h3-Q050=\":443\"; ma=2592000,h3-Q046=\":443\"; ma=2592000,h3-Q043=\":443\"; ma=2592000,quic=\":443\"; ma=2592000; v=\"46,43\"","accept-ranges":"none","transfer-encoding":"chunked"}
[debug] [2020-07-14T07:07:32.972Z] <<< HTTP RESPONSE 200 {"content-type":"application/json; charset=UTF-8","vary":"X-Origin, Referer, Origin,Accept-Encoding","date":"Tue, 14 Jul 2020 07:07:32 GMT","server":"ESF","cache-control":"private","x-xss-protection":"0","x-frame-options":"SAMEORIGIN","x-content-type-options":"nosniff","alt-svc":"h3-29=\":443\"; ma=2592000,h3-27=\":443\"; ma=2592000,h3-25=\":443\"; ma=2592000,h3-T050=\":443\"; ma=2592000,h3-Q050=\":443\"; ma=2592000,h3-Q046=\":443\"; ma=2592000,h3-Q043=\":443\"; ma=2592000,quic=\":443\"; ma=2592000; v=\"46,43\"","accept-ranges":"none","transfer-encoding":"chunked"}
[debug] [2020-07-14T07:07:34.668Z] >>> HTTP REQUEST GET https://cloudfunctions.googleapis.com/v1/operations/dGVjaC1jYXJlZXItaHViLWZpbmFsL3VzLWNlbnRyYWwxL0FkZENhbmRpZGF0ZVJvbGUvMlVoQ3pOZ1lTbFk  
 
[debug] [2020-07-14T07:07:34.730Z] >>> HTTP REQUEST GET https://cloudfunctions.googleapis.com/v1/operations/dGVjaC1jYXJlZXItaHViLWZpbmFsL3VzLWNlbnRyYWwxL2NoZWNrVXNlcm5hbWUvYlhjdnRlSFVjcGM  
 
[debug] [2020-07-14T07:07:34.976Z] >>> HTTP REQUEST GET https://cloudfunctions.googleapis.com/v1/operations/dGVjaC1jYXJlZXItaHViLWZpbmFsL3VzLWNlbnRyYWwxL0FkZEVtcGxveWVyUm9sZS9OYkxmdG5zYVhIUQ  
 
[debug] [2020-07-14T07:07:34.985Z] <<< HTTP RESPONSE 200 {"content-type":"application/json; charset=UTF-8","vary":"X-Origin, Referer, Origin,Accept-Encoding","date":"Tue, 14 Jul 2020 07:07:34 GMT","server":"ESF","cache-control":"private","x-xss-protection":"0","x-frame-options":"SAMEORIGIN","x-content-type-options":"nosniff","alt-svc":"h3-29=\":443\"; ma=2592000,h3-27=\":443\"; ma=2592000,h3-25=\":443\"; ma=2592000,h3-T050=\":443\"; ma=2592000,h3-Q050=\":443\"; ma=2592000,h3-Q046=\":443\"; ma=2592000,h3-Q043=\":443\"; ma=2592000,quic=\":443\"; ma=2592000; v=\"46,43\"","accept-ranges":"none","transfer-encoding":"chunked"}
[debug] [2020-07-14T07:07:35.028Z] <<< HTTP RESPONSE 200 {"content-type":"application/json; charset=UTF-8","vary":"X-Origin, Referer, Origin,Accept-Encoding","date":"Tue, 14 Jul 2020 07:07:34 GMT","server":"ESF","cache-control":"private","x-xss-protection":"0","x-frame-options":"SAMEORIGIN","x-content-type-options":"nosniff","alt-svc":"h3-29=\":443\"; ma=2592000,h3-27=\":443\"; ma=2592000,h3-25=\":443\"; ma=2592000,h3-T050=\":443\"; ma=2592000,h3-Q050=\":443\"; ma=2592000,h3-Q046=\":443\"; ma=2592000,h3-Q043=\":443\"; ma=2592000,quic=\":443\"; ma=2592000; v=\"46,43\"","accept-ranges":"none","transfer-encoding":"chunked"}
[debug] [2020-07-14T07:07:36.322Z] <<< HTTP RESPONSE 200 {"content-type":"application/json; charset=UTF-8","vary":"X-Origin, Referer, Origin,Accept-Encoding","date":"Tue, 14 Jul 2020 07:07:36 GMT","server":"ESF","cache-control":"private","x-xss-protection":"0","x-frame-options":"SAMEORIGIN","x-content-type-options":"nosniff","alt-svc":"h3-29=\":443\"; ma=2592000,h3-27=\":443\"; ma=2592000,h3-25=\":443\"; ma=2592000,h3-T050=\":443\"; ma=2592000,h3-Q050=\":443\"; ma=2592000,h3-Q046=\":443\"; ma=2592000,h3-Q043=\":443\"; ma=2592000,quic=\":443\"; ma=2592000; v=\"46,43\"","accept-ranges":"none","transfer-encoding":"chunked"}
[debug] [2020-07-14T07:07:36.989Z] >>> HTTP REQUEST GET https://cloudfunctions.googleapis.com/v1/operations/dGVjaC1jYXJlZXItaHViLWZpbmFsL3VzLWNlbnRyYWwxL0FkZENhbmRpZGF0ZVJvbGUvMlVoQ3pOZ1lTbFk  
 
[debug] [2020-07-14T07:07:37.031Z] >>> HTTP REQUEST GET https://cloudfunctions.googleapis.com/v1/operations/dGVjaC1jYXJlZXItaHViLWZpbmFsL3VzLWNlbnRyYWwxL2NoZWNrVXNlcm5hbWUvYlhjdnRlSFVjcGM  
 
[debug] [2020-07-14T07:07:37.289Z] <<< HTTP RESPONSE 200 {"content-type":"application/json; charset=UTF-8","vary":"X-Origin, Referer, Origin,Accept-Encoding","date":"Tue, 14 Jul 2020 07:07:37 GMT","server":"ESF","cache-control":"private","x-xss-protection":"0","x-frame-options":"SAMEORIGIN","x-content-type-options":"nosniff","alt-svc":"h3-29=\":443\"; ma=2592000,h3-27=\":443\"; ma=2592000,h3-25=\":443\"; ma=2592000,h3-T050=\":443\"; ma=2592000,h3-Q050=\":443\"; ma=2592000,h3-Q046=\":443\"; ma=2592000,h3-Q043=\":443\"; ma=2592000,quic=\":443\"; ma=2592000; v=\"46,43\"","accept-ranges":"none","transfer-encoding":"chunked"}
[debug] [2020-07-14T07:07:37.345Z] <<< HTTP RESPONSE 200 {"content-type":"application/json; charset=UTF-8","vary":"X-Origin, Referer, Origin,Accept-Encoding","date":"Tue, 14 Jul 2020 07:07:37 GMT","server":"ESF","cache-control":"private","x-xss-protection":"0","x-frame-options":"SAMEORIGIN","x-content-type-options":"nosniff","alt-svc":"h3-29=\":443\"; ma=2592000,h3-27=\":443\"; ma=2592000,h3-25=\":443\"; ma=2592000,h3-T050=\":443\"; ma=2592000,h3-Q050=\":443\"; ma=2592000,h3-Q046=\":443\"; ma=2592000,h3-Q043=\":443\"; ma=2592000,quic=\":443\"; ma=2592000; v=\"46,43\"","accept-ranges":"none","transfer-encoding":"chunked"}
[debug] [2020-07-14T07:07:38.323Z] >>> HTTP REQUEST GET https://cloudfunctions.googleapis.com/v1/operations/dGVjaC1jYXJlZXItaHViLWZpbmFsL3VzLWNlbnRyYWwxL0FkZEVtcGxveWVyUm9sZS9OYkxmdG5zYVhIUQ  
 
